1. Cleaning up images dir...
2. Processing pages memory efficiently (OCR + Translate + Diagrams)...
Processing ch01: Circuits Principles, Experiments, and Semiconductors (95 pages)...
  Page 1/95
    OCR extracted 341 chars
  Page 2/95
    OCR extracted 24 chars
  Page 3/95
    OCR extracted 332 chars
  Page 4/95
    OCR extracted 265 chars
  Page 5/95
    OCR extracted 380 chars
  Page 6/95
    OCR extracted 202 chars
  Page 7/95
    OCR extracted 396 chars
  Page 8/95
    OCR extracted 507 chars
  Page 9/95
    OCR extracted 390 chars
  Page 10/95
    OCR extracted 375 chars
  Page 11/95
    OCR extracted 328 chars
  Page 12/95
    OCR extracted 195 chars
  Page 13/95
    OCR extracted 507 chars
  Page 14/95
    OCR extracted 302 chars
  Page 15/95
    OCR extracted 339 chars
  Page 16/95
    OCR extracted 123 chars
  Page 17/95
    OCR extracted 649 chars
  Page 18/95
    OCR extracted 524 chars
  Page 19/95
    OCR extracted 433 chars
  Page 20/95
    OCR extracted 238 chars
  Page 21/95
    OCR extracted 568 chars
  Page 22/95
    OCR extracted 346 chars
  Page 23/95
    OCR extracted 160 chars
  Page 24/95
    OCR extracted 308 chars
  Page 25/95
    OCR extracted 265 chars
  Page 26/95
    OCR extracted 322 chars
  Page 27/95
    OCR extracted 372 chars
  Page 28/95
    OCR extracted 325 chars
  Page 29/95
    OCR extracted 465 chars
  Page 30/95
    OCR extracted 353 chars
  Page 31/95
    OCR extracted 324 chars
  Page 32/95
    OCR extracted 274 chars
  Page 33/95
    OCR extracted 273 chars
  Page 34/95
    OCR extracted 566 chars
  Page 35/95
    OCR extracted 574 chars
  Page 36/95
    OCR extracted 478 chars
  Page 37/95
    OCR extracted 486 chars
  Page 38/95
    OCR extracted 411 chars
  Page 39/95
    OCR extracted 333 chars
  Page 40/95
    OCR extracted 313 chars
  Page 41/95
    OCR extracted 202 chars
  Page 42/95
    OCR extracted 404 chars
  Page 43/95
    OCR extracted 534 chars
  Page 44/95
    OCR extracted 353 chars
  Page 45/95
    OCR extracted 206 chars
  Page 46/95
    OCR extracted 190 chars
  Page 47/95
    OCR extracted 354 chars
  Page 48/95
    OCR extracted 548 chars
  Page 49/95
    OCR extracted 158 chars
  Page 50/95
    OCR extracted 463 chars
  Page 51/95
    OCR extracted 470 chars
  Page 52/95
    OCR extracted 286 chars
  Page 53/95
    OCR extracted 656 chars
  Page 54/95
    OCR extracted 422 chars
  Page 55/95
    OCR extracted 372 chars
  Page 56/95
    OCR extracted 456 chars
  Page 57/95
    OCR extracted 316 chars
  Page 58/95
    OCR extracted 524 chars
  Page 59/95
    OCR extracted 499 chars
  Page 60/95
    OCR extracted 493 chars
  Page 61/95
    OCR extracted 407 chars
  Page 62/95
    OCR extracted 425 chars
  Page 63/95
    OCR extracted 439 chars
  Page 64/95
    OCR extracted 326 chars
  Page 65/95
    OCR extracted 396 chars
  Page 66/95
    OCR extracted 548 chars
  Page 67/95
    OCR extracted 232 chars
  Page 68/95
    OCR extracted 359 chars
  Page 69/95
    OCR extracted 385 chars
  Page 70/95
    OCR extracted 537 chars
  Page 71/95
    OCR extracted 401 chars
  Page 72/95
    OCR extracted 391 chars
  Page 73/95
    OCR extracted 720 chars
  Page 74/95
    OCR extracted 559 chars
  Page 75/95
    OCR extracted 519 chars
  Page 76/95
    OCR extracted 343 chars
  Page 77/95
    OCR extracted 444 chars
  Page 78/95
    OCR extracted 415 chars
  Page 79/95
    OCR extracted 450 chars
  Page 80/95
    OCR extracted 395 chars
  Page 81/95
    OCR extracted 462 chars
  Page 82/95
    OCR extracted 417 chars
  Page 83/95
    OCR extracted 429 chars
  Page 84/95
    OCR extracted 345 chars
  Page 85/95
    OCR extracted 344 chars
  Page 86/95
    OCR extracted 532 chars
  Page 87/95
    OCR extracted 499 chars
  Page 88/95
    OCR extracted 537 chars
  Page 89/95
    OCR extracted 637 chars
  Page 90/95
    OCR extracted 296 chars
  Page 91/95
    OCR extracted 406 chars
  Page 92/95
    OCR extracted 599 chars
  Page 93/95
    OCR extracted 681 chars
  Page 94/95
    OCR extracted 484 chars
  Page 95/95
    OCR extracted 164 chars
Processing ch02: Communication Circuits (55 pages)...
  Page 1/55
    OCR extracted 653 chars
  Page 2/55
    OCR extracted 712 chars
  Page 3/55
    OCR extracted 615 chars
  Page 4/55
    OCR extracted 778 chars
  Page 5/55
    OCR extracted 907 chars
  Page 6/55
    OCR extracted 532 chars
  Page 7/55
    OCR extracted 622 chars
  Page 8/55
    OCR extracted 1018 chars
  Page 9/55
    OCR extracted 753 chars
  Page 10/55
    OCR extracted 830 chars
  Page 11/55
    OCR extracted 750 chars
  Page 12/55
    OCR extracted 521 chars
  Page 13/55
    OCR extracted 634 chars
  Page 14/55
    OCR extracted 652 chars
  Page 15/55
    OCR extracted 536 chars
  Page 16/55
    OCR extracted 1301 chars
  Page 17/55
    OCR extracted 734 chars
  Page 18/55
    OCR extracted 907 chars
  Page 19/55
    OCR extracted 621 chars
  Page 20/55
    OCR extracted 654 chars
  Page 21/55
    OCR extracted 516 chars
  Page 22/55
    OCR extracted 1050 chars
  Page 23/55
    OCR extracted 966 chars
  Page 24/55
    OCR extracted 947 chars
  Page 25/55
    OCR extracted 758 chars
  Page 26/55
    OCR extracted 721 chars
  Page 27/55
    OCR extracted 944 chars
  Page 28/55
    OCR extracted 637 chars
  Page 29/55
    OCR extracted 894 chars
  Page 30/55
    OCR extracted 527 chars
  Page 31/55
    OCR extracted 763 chars
  Page 32/55
    OCR extracted 558 chars
  Page 33/55
    OCR extracted 357 chars
  Page 34/55
    OCR extracted 1495 chars
  Page 35/55
    OCR extracted 1582 chars
  Page 36/55
    OCR extracted 482 chars
  Page 37/55
    OCR extracted 371 chars
  Page 38/55
    OCR extracted 501 chars
  Page 39/55
    OCR extracted 708 chars
  Page 40/55
    OCR extracted 595 chars
  Page 41/55
    OCR extracted 726 chars
  Page 42/55
    OCR extracted 822 chars
  Page 43/55
    OCR extracted 776 chars
  Page 44/55
    OCR extracted 776 chars
  Page 45/55
    OCR extracted 561 chars
  Page 46/55
    OCR extracted 440 chars
  Page 47/55
    OCR extracted 585 chars
  Page 48/55
    OCR extracted 808 chars
  Page 49/55
    OCR extracted 543 chars
  Page 50/55
    OCR extracted 694 chars
  Page 51/55
    OCR extracted 705 chars
  Page 52/55
    OCR extracted 586 chars
  Page 53/55
    OCR extracted 895 chars
  Page 54/55
    OCR extracted 707 chars
  Page 55/55
    OCR extracted 726 chars
Processing ch03: Antennae (47 pages)...
  Page 1/47
    OCR extracted 78 chars
  Page 2/47
    OCR extracted 12 chars
  Page 3/47
    OCR extracted 133 chars
  Page 4/47
    OCR extracted 219 chars
  Page 5/47
    OCR extracted 224 chars
  Page 6/47
    OCR extracted 322 chars
  Page 7/47
    OCR extracted 193 chars
  Page 8/47
    OCR extracted 302 chars
  Page 9/47
    OCR extracted 350 chars
  Page 10/47
    OCR extracted 269 chars
  Page 11/47
    OCR extracted 149 chars
  Page 12/47
    OCR extracted 258 chars
  Page 13/47
    OCR extracted 244 chars
  Page 14/47
    OCR extracted 301 chars
  Page 15/47
    OCR extracted 288 chars
  Page 16/47
    OCR extracted 93 chars
  Page 17/47
    OCR extracted 245 chars
  Page 18/47
    OCR extracted 360 chars
  Page 19/47
    OCR extracted 307 chars
  Page 20/47
    OCR extracted 280 chars
  Page 21/47
    OCR extracted 366 chars
  Page 22/47
    OCR extracted 233 chars
  Page 23/47
    OCR extracted 283 chars
  Page 24/47
    OCR extracted 306 chars
  Page 25/47
    OCR extracted 243 chars
  Page 26/47
    OCR extracted 412 chars
  Page 27/47
    OCR extracted 384 chars
  Page 28/47
    OCR extracted 312 chars
  Page 29/47
    OCR extracted 129 chars
  Page 30/47
    OCR extracted 272 chars
  Page 31/47
    OCR extracted 292 chars
  Page 32/47
    OCR extracted 320 chars
  Page 33/47
    OCR extracted 337 chars
  Page 34/47
    OCR extracted 208 chars
  Page 35/47
    OCR extracted 204 chars
  Page 36/47
    OCR extracted 392 chars
  Page 37/47
    OCR extracted 406 chars
  Page 38/47
    OCR extracted 247 chars
  Page 39/47
    OCR extracted 291 chars
  Page 40/47
    OCR extracted 465 chars
  Page 41/47
    OCR extracted 450 chars
  Page 42/47
    OCR extracted 277 chars
  Page 43/47
    OCR extracted 472 chars
  Page 44/47
    OCR extracted 366 chars
  Page 45/47
    OCR extracted 285 chars
  Page 46/47
    OCR extracted 342 chars
  Page 47/47
    OCR extracted 362 chars
Processing ch04: Digital Electronics (6 pages)...
  Page 1/6
    OCR extracted 8 chars
  Page 2/6
    OCR extracted 227 chars
  Page 3/6
    OCR extracted 500 chars
  Page 4/6
    OCR extracted 538 chars
  Page 5/6
    OCR extracted 451 chars
  Page 6/6
    OCR extracted 376 chars
3. Rebuilding HTML chapters...
Done!
