[master 00cfc98] Replace text with high-fidelity native macOS Vision OCR translations
 168 files changed, 8356 insertions(+), 5175 deletions(-)
 rename college-electrical-engineering/images/{crop_ch01_ch01_page_001_1.png => crop_ch01_page_001_1.png} (100%)
 rename college-electrical-engineering/images/{crop_ch01_ch01_page_004_1.png => crop_ch01_page_004_1.png} (100%)
 rename college-electrical-engineering/images/{crop_ch01_ch01_page_004_2.png => crop_ch01_page_004_2.png} (100%)
 rename college-electrical-engineering/images/{crop_ch01_ch01_page_004_3.png => crop_ch01_page_004_3.png} (100%)
 rename college-electrical-engineering/images/{crop_ch01_ch01_page_004_4.png => crop_ch01_page_004_4.png} (100%)
 rename college-electrical-engineering/images/{crop_ch01_ch01_page_008_1.png => crop_ch01_page_008_1.png} (100%)
 rename college-electrical-engineering/images/{crop_ch01_ch01_page_009_1.png => crop_ch01_page_009_1.png} (100%)
 rename college-electrical-engineering/images/{crop_ch01_ch01_page_009_2.png => crop_ch01_page_009_2.png} (100%)
 rename college-electrical-engineering/images/{crop_ch01_ch01_page_012_1.png => crop_ch01_page_012_1.png} (100%)
 rename college-electrical-engineering/images/{crop_ch01_ch01_page_013_1.png => crop_ch01_page_013_1.png} (100%)
 rename college-electrical-engineering/images/{crop_ch01_ch01_page_017_1.png => crop_ch01_page_017_1.png} (100%)
 rename college-electrical-engineering/images/{crop_ch01_ch01_page_029_1.png => crop_ch01_page_029_1.png} (100%)
 rename college-electrical-engineering/images/{crop_ch01_ch01_page_032_1.png => crop_ch01_page_032_1.png} (100%)
 rename college-electrical-engineering/images/{crop_ch01_ch01_page_036_1.png => crop_ch01_page_036_1.png} (100%)
 rename college-electrical-engineering/images/{crop_ch01_ch01_page_044_1.png => crop_ch01_page_044_1.png} (100%)
 rename college-electrical-engineering/images/{crop_ch01_ch01_page_049_1.png => crop_ch01_page_049_1.png} (100%)
 rename college-electrical-engineering/images/{crop_ch01_ch01_page_053_1.png => crop_ch01_page_053_1.png} (100%)
 rename college-electrical-engineering/images/{crop_ch01_ch01_page_056_1.png => crop_ch01_page_056_1.png} (100%)
 rename college-electrical-engineering/images/{crop_ch01_ch01_page_060_1.png => crop_ch01_page_060_1.png} (100%)
 rename college-electrical-engineering/images/{crop_ch01_ch01_page_060_2.png => crop_ch01_page_060_2.png} (100%)
 rename college-electrical-engineering/images/{crop_ch01_ch01_page_060_3.png => crop_ch01_page_060_3.png} (100%)
 rename college-electrical-engineering/images/{crop_ch01_ch01_page_060_4.png => crop_ch01_page_060_4.png} (100%)
 rename college-electrical-engineering/images/{crop_ch01_ch01_page_064_1.png => crop_ch01_page_064_1.png} (100%)
 rename college-electrical-engineering/images/{crop_ch01_ch01_page_065_1.png => crop_ch01_page_065_1.png} (100%)
 rename college-electrical-engineering/images/{crop_ch01_ch01_page_065_2.png => crop_ch01_page_065_2.png} (100%)
 rename college-electrical-engineering/images/{crop_ch01_ch01_page_071_1.png => crop_ch01_page_071_1.png} (100%)
 rename college-electrical-engineering/images/{crop_ch01_ch01_page_071_2.png => crop_ch01_page_071_2.png} (100%)
 rename college-electrical-engineering/images/{crop_ch01_ch01_page_075_1.png => crop_ch01_page_075_1.png} (100%)
 rename college-electrical-engineering/images/{crop_ch01_ch01_page_079_1.png => crop_ch01_page_079_1.png} (100%)
 rename college-electrical-engineering/images/{crop_ch01_ch01_page_079_2.png => crop_ch01_page_079_2.png} (100%)
 rename college-electrical-engineering/images/{crop_ch01_ch01_page_083_1.png => crop_ch01_page_083_1.png} (100%)
 rename college-electrical-engineering/images/{crop_ch01_ch01_page_086_1.png => crop_ch01_page_086_1.png} (100%)
 rename college-electrical-engineering/images/{crop_ch01_ch01_page_086_2.png => crop_ch01_page_086_2.png} (100%)
 rename college-electrical-engineering/images/{crop_ch02_ch02_page_001_1.png => crop_ch02_page_001_1.png} (100%)
 rename college-electrical-engineering/images/{crop_ch02_ch02_page_001_2.png => crop_ch02_page_001_2.png} (100%)
 rename college-electrical-engineering/images/{crop_ch02_ch02_page_002_1.png => crop_ch02_page_002_1.png} (100%)
 rename college-electrical-engineering/images/{crop_ch02_ch02_page_002_2.png => crop_ch02_page_002_2.png} (100%)
 rename college-electrical-engineering/images/{crop_ch02_ch02_page_002_3.png => crop_ch02_page_002_3.png} (100%)
 rename college-electrical-engineering/images/{crop_ch02_ch02_page_002_4.png => crop_ch02_page_002_4.png} (100%)
 rename college-electrical-engineering/images/{crop_ch02_ch02_page_003_1.png => crop_ch02_page_003_1.png} (100%)
 rename college-electrical-engineering/images/{crop_ch02_ch02_page_003_2.png => crop_ch02_page_003_2.png} (100%)
 rename college-electrical-engineering/images/{crop_ch02_ch02_page_003_3.png => crop_ch02_page_003_3.png} (100%)
 rename college-electrical-engineering/images/{crop_ch02_ch02_page_004_1.png => crop_ch02_page_004_1.png} (100%)
 rename college-electrical-engineering/images/{crop_ch02_ch02_page_004_2.png => crop_ch02_page_004_2.png} (100%)
 rename college-electrical-engineering/images/{crop_ch02_ch02_page_005_1.png => crop_ch02_page_005_1.png} (100%)
 rename college-electrical-engineering/images/{crop_ch02_ch02_page_006_1.png => crop_ch02_page_006_1.png} (100%)
 rename college-electrical-engineering/images/{crop_ch02_ch02_page_007_1.png => crop_ch02_page_007_1.png} (100%)
 rename college-electrical-engineering/images/{crop_ch02_ch02_page_007_2.png => crop_ch02_page_007_2.png} (100%)
 rename college-electrical-engineering/images/{crop_ch02_ch02_page_007_3.png => crop_ch02_page_007_3.png} (100%)
 rename college-electrical-engineering/images/{crop_ch02_ch02_page_007_4.png => crop_ch02_page_007_4.png} (100%)
 rename college-electrical-engineering/images/{crop_ch02_ch02_page_008_1.png => crop_ch02_page_008_1.png} (100%)
 rename college-electrical-engineering/images/{crop_ch02_ch02_page_008_2.png => crop_ch02_page_008_2.png} (100%)
 rename college-electrical-engineering/images/{crop_ch02_ch02_page_008_3.png => crop_ch02_page_008_3.png} (100%)
 rename college-electrical-engineering/images/{crop_ch02_ch02_page_009_1.png => crop_ch02_page_009_1.png} (100%)
 rename college-electrical-engineering/images/{crop_ch02_ch02_page_010_1.png => crop_ch02_page_010_1.png} (100%)
 rename college-electrical-engineering/images/{crop_ch02_ch02_page_010_2.png => crop_ch02_page_010_2.png} (100%)
 rename college-electrical-engineering/images/{crop_ch02_ch02_page_011_1.png => crop_ch02_page_011_1.png} (100%)
 rename college-electrical-engineering/images/{crop_ch02_ch02_page_011_2.png => crop_ch02_page_011_2.png} (100%)
 rename college-electrical-engineering/images/{crop_ch02_ch02_page_011_3.png => crop_ch02_page_011_3.png} (100%)
 rename college-electrical-engineering/images/{crop_ch02_ch02_page_012_1.png => crop_ch02_page_012_1.png} (100%)
 rename college-electrical-engineering/images/{crop_ch02_ch02_page_012_2.png => crop_ch02_page_012_2.png} (100%)
 rename college-electrical-engineering/images/{crop_ch02_ch02_page_012_3.png => crop_ch02_page_012_3.png} (100%)
 rename college-electrical-engineering/images/{crop_ch02_ch02_page_013_1.png => crop_ch02_page_013_1.png} (100%)
 rename college-electrical-engineering/images/{crop_ch02_ch02_page_013_2.png => crop_ch02_page_013_2.png} (100%)
 rename college-electrical-engineering/images/{crop_ch02_ch02_page_013_3.png => crop_ch02_page_013_3.png} (100%)
 rename college-electrical-engineering/images/{crop_ch02_ch02_page_014_1.png => crop_ch02_page_014_1.png} (100%)
 rename college-electrical-engineering/images/{crop_ch02_ch02_page_014_2.png => crop_ch02_page_014_2.png} (100%)
 rename college-electrical-engineering/images/{crop_ch02_ch02_page_015_1.png => crop_ch02_page_015_1.png} (100%)
 rename college-electrical-engineering/images/{crop_ch02_ch02_page_015_2.png => crop_ch02_page_015_2.png} (100%)
 rename college-electrical-engineering/images/{crop_ch02_ch02_page_015_3.png => crop_ch02_page_015_3.png} (100%)
 rename college-electrical-engineering/images/{crop_ch02_ch02_page_016_1.png => crop_ch02_page_016_1.png} (100%)
 rename college-electrical-engineering/images/{crop_ch02_ch02_page_017_1.png => crop_ch02_page_017_1.png} (100%)
 rename college-electrical-engineering/images/{crop_ch02_ch02_page_017_2.png => crop_ch02_page_017_2.png} (100%)
 rename college-electrical-engineering/images/{crop_ch02_ch02_page_018_1.png => crop_ch02_page_018_1.png} (100%)
 rename college-electrical-engineering/images/{crop_ch02_ch02_page_018_2.png => crop_ch02_page_018_2.png} (100%)
 rename college-electrical-engineering/images/{crop_ch02_ch02_page_019_1.png => crop_ch02_page_019_1.png} (100%)
 rename college-electrical-engineering/images/{crop_ch02_ch02_page_019_2.png => crop_ch02_page_019_2.png} (100%)
 rename college-electrical-engineering/images/{crop_ch02_ch02_page_019_3.png => crop_ch02_page_019_3.png} (100%)
 rename college-electrical-engineering/images/{crop_ch02_ch02_page_020_1.png => crop_ch02_page_020_1.png} (100%)
 rename college-electrical-engineering/images/{crop_ch02_ch02_page_020_2.png => crop_ch02_page_020_2.png} (100%)
 rename college-electrical-engineering/images/{crop_ch02_ch02_page_020_3.png => crop_ch02_page_020_3.png} (100%)
 rename college-electrical-engineering/images/{crop_ch02_ch02_page_020_4.png => crop_ch02_page_020_4.png} (100%)
 rename college-electrical-engineering/images/{crop_ch02_ch02_page_020_5.png => crop_ch02_page_020_5.png} (100%)
 rename college-electrical-engineering/images/{crop_ch02_ch02_page_021_1.png => crop_ch02_page_021_1.png} (100%)
 rename college-electrical-engineering/images/{crop_ch02_ch02_page_021_2.png => crop_ch02_page_021_2.png} (100%)
 rename college-electrical-engineering/images/{crop_ch02_ch02_page_021_3.png => crop_ch02_page_021_3.png} (100%)
 rename college-electrical-engineering/images/{crop_ch02_ch02_page_022_1.png => crop_ch02_page_022_1.png} (100%)
 rename college-electrical-engineering/images/{crop_ch02_ch02_page_022_2.png => crop_ch02_page_022_2.png} (100%)
 rename college-electrical-engineering/images/{crop_ch02_ch02_page_023_1.png => crop_ch02_page_023_1.png} (100%)
 rename college-electrical-engineering/images/{crop_ch02_ch02_page_023_2.png => crop_ch02_page_023_2.png} (100%)
 rename college-electrical-engineering/images/{crop_ch02_ch02_page_023_3.png => crop_ch02_page_023_3.png} (100%)
 rename college-electrical-engineering/images/{crop_ch02_ch02_page_023_4.png => crop_ch02_page_023_4.png} (100%)
 rename college-electrical-engineering/images/{crop_ch02_ch02_page_023_5.png => crop_ch02_page_023_5.png} (100%)
 rename college-electrical-engineering/images/{crop_ch02_ch02_page_024_1.png => crop_ch02_page_024_1.png} (100%)
 rename college-electrical-engineering/images/{crop_ch02_ch02_page_024_2.png => crop_ch02_page_024_2.png} (100%)
 rename college-electrical-engineering/images/{crop_ch02_ch02_page_025_1.png => crop_ch02_page_025_1.png} (100%)
 rename college-electrical-engineering/images/{crop_ch02_ch02_page_025_2.png => crop_ch02_page_025_2.png} (100%)
 rename college-electrical-engineering/images/{crop_ch02_ch02_page_025_3.png => crop_ch02_page_025_3.png} (100%)
 rename college-electrical-engineering/images/{crop_ch02_ch02_page_026_1.png => crop_ch02_page_026_1.png} (100%)
 rename college-electrical-engineering/images/{crop_ch02_ch02_page_026_2.png => crop_ch02_page_026_2.png} (100%)
 rename college-electrical-engineering/images/{crop_ch02_ch02_page_026_3.png => crop_ch02_page_026_3.png} (100%)
 rename college-electrical-engineering/images/{crop_ch02_ch02_page_026_4.png => crop_ch02_page_026_4.png} (100%)
 rename college-electrical-engineering/images/{crop_ch02_ch02_page_027_1.png => crop_ch02_page_027_1.png} (100%)
 rename college-electrical-engineering/images/{crop_ch02_ch02_page_027_2.png => crop_ch02_page_027_2.png} (100%)
 rename college-electrical-engineering/images/{crop_ch02_ch02_page_027_3.png => crop_ch02_page_027_3.png} (100%)
 rename college-electrical-engineering/images/{crop_ch02_ch02_page_028_1.png => crop_ch02_page_028_1.png} (100%)
 rename college-electrical-engineering/images/{crop_ch02_ch02_page_028_2.png => crop_ch02_page_028_2.png} (100%)
 rename college-electrical-engineering/images/{crop_ch02_ch02_page_029_1.png => crop_ch02_page_029_1.png} (100%)
 rename college-electrical-engineering/images/{crop_ch02_ch02_page_029_2.png => crop_ch02_page_029_2.png} (100%)
 rename college-electrical-engineering/images/{crop_ch02_ch02_page_029_3.png => crop_ch02_page_029_3.png} (100%)
 rename college-electrical-engineering/images/{crop_ch02_ch02_page_030_1.png => crop_ch02_page_030_1.png} (100%)
 rename college-electrical-engineering/images/{crop_ch02_ch02_page_030_2.png => crop_ch02_page_030_2.png} (100%)
 rename college-electrical-engineering/images/{crop_ch02_ch02_page_030_3.png => crop_ch02_page_030_3.png} (100%)
 rename college-electrical-engineering/images/{crop_ch02_ch02_page_030_4.png => crop_ch02_page_030_4.png} (100%)
 rename college-electrical-engineering/images/{crop_ch02_ch02_page_030_5.png => crop_ch02_page_030_5.png} (100%)
 rename college-electrical-engineering/images/{crop_ch02_ch02_page_031_1.png => crop_ch02_page_031_1.png} (100%)
 rename college-electrical-engineering/images/{crop_ch02_ch02_page_031_2.png => crop_ch02_page_031_2.png} (100%)
 rename college-electrical-engineering/images/{crop_ch02_ch02_page_031_3.png => crop_ch02_page_031_3.png} (100%)
 rename college-electrical-engineering/images/{crop_ch02_ch02_page_031_4.png => crop_ch02_page_031_4.png} (100%)
 rename college-electrical-engineering/images/{crop_ch02_ch02_page_032_1.png => crop_ch02_page_032_1.png} (100%)
 rename college-electrical-engineering/images/{crop_ch02_ch02_page_032_2.png => crop_ch02_page_032_2.png} (100%)
 rename college-electrical-engineering/images/{crop_ch02_ch02_page_032_3.png => crop_ch02_page_032_3.png} (100%)
 rename college-electrical-engineering/images/{crop_ch02_ch02_page_032_4.png => crop_ch02_page_032_4.png} (100%)
 rename college-electrical-engineering/images/{crop_ch02_ch02_page_032_5.png => crop_ch02_page_032_5.png} (100%)
 rename college-electrical-engineering/images/{crop_ch02_ch02_page_033_1.png => crop_ch02_page_033_1.png} (100%)
 rename college-electrical-engineering/images/{crop_ch02_ch02_page_034_1.png => crop_ch02_page_034_1.png} (100%)
 rename college-electrical-engineering/images/{crop_ch02_ch02_page_034_2.png => crop_ch02_page_034_2.png} (100%)
 rename college-electrical-engineering/images/{crop_ch02_ch02_page_034_3.png => crop_ch02_page_034_3.png} (100%)
 rename college-electrical-engineering/images/{crop_ch02_ch02_page_034_4.png => crop_ch02_page_034_4.png} (100%)
 rename college-electrical-engineering/images/{crop_ch02_ch02_page_036_1.png => crop_ch02_page_036_1.png} (100%)
 rename college-electrical-engineering/images/{crop_ch02_ch02_page_037_1.png => crop_ch02_page_037_1.png} (100%)
 rename college-electrical-engineering/images/{crop_ch02_ch02_page_037_2.png => crop_ch02_page_037_2.png} (100%)
 rename college-electrical-engineering/images/{crop_ch02_ch02_page_037_3.png => crop_ch02_page_037_3.png} (100%)
 rename college-electrical-engineering/images/{crop_ch02_ch02_page_039_1.png => crop_ch02_page_039_1.png} (100%)
 rename college-electrical-engineering/images/{crop_ch02_ch02_page_040_1.png => crop_ch02_page_040_1.png} (100%)
 rename college-electrical-engineering/images/{crop_ch02_ch02_page_040_2.png => crop_ch02_page_040_2.png} (100%)
 rename college-electrical-engineering/images/{crop_ch02_ch02_page_041_1.png => crop_ch02_page_041_1.png} (100%)
 rename college-electrical-engineering/images/{crop_ch02_ch02_page_042_1.png => crop_ch02_page_042_1.png} (100%)
 rename college-electrical-engineering/images/{crop_ch02_ch02_page_044_1.png => crop_ch02_page_044_1.png} (100%)
 rename college-electrical-engineering/images/{crop_ch02_ch02_page_045_1.png => crop_ch02_page_045_1.png} (100%)
 rename college-electrical-engineering/images/{crop_ch02_ch02_page_045_2.png => crop_ch02_page_045_2.png} (100%)
 rename college-electrical-engineering/images/{crop_ch02_ch02_page_045_3.png => crop_ch02_page_045_3.png} (100%)
 rename college-electrical-engineering/images/{crop_ch02_ch02_page_045_4.png => crop_ch02_page_045_4.png} (100%)
 rename college-electrical-engineering/images/{crop_ch02_ch02_page_045_5.png => crop_ch02_page_045_5.png} (100%)
 rename college-electrical-engineering/images/{crop_ch02_ch02_page_046_1.png => crop_ch02_page_046_1.png} (100%)
 rename college-electrical-engineering/images/{crop_ch02_ch02_page_046_2.png => crop_ch02_page_046_2.png} (100%)
 rename college-electrical-engineering/images/{crop_ch02_ch02_page_046_3.png => crop_ch02_page_046_3.png} (100%)
 rename college-electrical-engineering/images/{crop_ch02_ch02_page_047_1.png => crop_ch02_page_047_1.png} (100%)
 rename college-electrical-engineering/images/{crop_ch02_ch02_page_047_2.png => crop_ch02_page_047_2.png} (100%)
 rename college-electrical-engineering/images/{crop_ch02_ch02_page_049_1.png => crop_ch02_page_049_1.png} (100%)
 rename college-electrical-engineering/images/{crop_ch02_ch02_page_049_2.png => crop_ch02_page_049_2.png} (100%)
 rename college-electrical-engineering/images/{crop_ch02_ch02_page_050_1.png => crop_ch02_page_050_1.png} (100%)
 rename college-electrical-engineering/images/{crop_ch02_ch02_page_050_2.png => crop_ch02_page_050_2.png} (100%)
 rename college-electrical-engineering/images/{crop_ch02_ch02_page_051_1.png => crop_ch02_page_051_1.png} (100%)
 rename college-electrical-engineering/images/{crop_ch02_ch02_page_052_1.png => crop_ch02_page_052_1.png} (100%)
 rename college-electrical-engineering/images/{crop_ch02_ch02_page_054_1.png => crop_ch02_page_054_1.png} (100%)
 rename college-electrical-engineering/images/{crop_ch02_ch02_page_054_2.png => crop_ch02_page_054_2.png} (100%)
 rename college-electrical-engineering/images/{crop_ch02_ch02_page_054_3.png => crop_ch02_page_054_3.png} (100%)
 rename college-electrical-engineering/images/{crop_ch02_ch02_page_055_1.png => crop_ch02_page_055_1.png} (100%)
 rename college-electrical-engineering/images/{crop_ch02_ch02_page_055_2.png => crop_ch02_page_055_2.png} (100%)
 rename college-electrical-engineering/images/{crop_ch03_ch03_page_015_1.png => crop_ch03_page_015_1.png} (100%)
 rename college-electrical-engineering/images/{crop_ch03_ch03_page_015_2.png => crop_ch03_page_015_2.png} (100%)
 rename college-electrical-engineering/images/{crop_ch03_ch03_page_015_3.png => crop_ch03_page_015_3.png} (100%)
 rename college-electrical-engineering/images/{crop_ch03_ch03_page_016_1.png => crop_ch03_page_016_1.png} (100%)
To https://github.com/anglil/anglil.github.io.git
   f3a4305..00cfc98  master -> master
Pipeline finished! Committing and pushing...
